07-13-2020 @ 00:15:34 - Requesting session ID...
07-13-2020 @ 00:15:35 - PagSeguro session is valid! The return is: SimpleXMLElement Object
(
    [id] => b291e448362245e9ba3b38ea686373fa
)

07-13-2020 @ 00:23:28 - Requesting session ID...
07-13-2020 @ 00:23:30 - PagSeguro session is valid! The return is: SimpleXMLElement Object
(
    [id] => 22c16bbf1f03443385d00969e9e5bef5
)

07-13-2020 @ 00:24:19 - Requesting session ID...
07-13-2020 @ 00:24:19 - PagSeguro session is valid! The return is: SimpleXMLElement Object
(
    [id] => ab5362dbd1984b63818897c273cf98e9
)

07-13-2020 @ 01:27:07 - Requesting session ID...
07-13-2020 @ 01:27:08 - PagSeguro session is valid! The return is: SimpleXMLElement Object
(
    [id] => bb69ccbb997e4296bc9b5cefc2f9b6ff
)

07-13-2020 @ 01:28:11 - Requesting session ID...
07-13-2020 @ 01:28:12 - PagSeguro session is valid! The return is: SimpleXMLElement Object
(
    [id] => 396fb28072884da9aea4026711460645
)

07-13-2020 @ 01:28:21 - Requesting session ID...
07-13-2020 @ 01:28:22 - PagSeguro session is valid! The return is: SimpleXMLElement Object
(
    [id] => f9bf3b39bcbf42e1adc2c7663c6de6c3
)

07-13-2020 @ 01:28:47 - Requesting session ID...
07-13-2020 @ 01:28:48 - PagSeguro session is valid! The return is: SimpleXMLElement Object
(
    [id] => fc93397cec3e4e73b7bb8fa23fdfd289
)

07-13-2020 @ 01:33:57 - Requesting session ID...
07-13-2020 @ 01:33:58 - PagSeguro session is valid! The return is: SimpleXMLElement Object
(
    [id] => f373c915fdaa4f25918dd9dec11d6b4d
)

07-13-2020 @ 01:34:22 - Requesting session ID...
07-13-2020 @ 01:34:24 - PagSeguro session is valid! The return is: SimpleXMLElement Object
(
    [id] => 37a326cc43ea4d52914d0e8e8cff3fd2
)

07-13-2020 @ 01:37:48 - Requesting session ID...
07-13-2020 @ 01:37:49 - PagSeguro session is valid! The return is: SimpleXMLElement Object
(
    [id] => 1d1d9d0c7d714074935f68e09e1d7c98
)

07-13-2020 @ 01:38:16 - Requesting session ID...
07-13-2020 @ 01:38:17 - PagSeguro session is valid! The return is: SimpleXMLElement Object
(
    [id] => c66de29efc2f46da97abf6448f568240
)

07-13-2020 @ 01:39:51 - Requesting session ID...
07-13-2020 @ 01:39:51 - PagSeguro session is valid! The return is: SimpleXMLElement Object
(
    [id] => f1adf54602de46908269ff58aa1423af
)

07-13-2020 @ 01:41:49 - Requesting session ID...
07-13-2020 @ 01:41:50 - PagSeguro session is valid! The return is: SimpleXMLElement Object
(
    [id] => ab9f8067c7e04c24b853bc21bf505889
)

07-13-2020 @ 01:48:15 - Requesting session ID...
07-13-2020 @ 01:48:16 - PagSeguro session is valid! The return is: SimpleXMLElement Object
(
    [id] => f78d24d569db436e861baa590ef839cc
)

07-13-2020 @ 01:49:46 - Requesting session ID...
07-13-2020 @ 01:49:47 - PagSeguro session is valid! The return is: SimpleXMLElement Object
(
    [id] => 217f80a927dd4fd0aea7fbc1006c3811
)

07-13-2020 @ 01:50:58 - Requesting session ID...
07-13-2020 @ 01:50:59 - PagSeguro session is valid! The return is: SimpleXMLElement Object
(
    [id] => 7a059b72a07b41118df5ee8811d7cbc7
)

07-13-2020 @ 01:52:22 - Requesting session ID...
07-13-2020 @ 01:52:23 - PagSeguro session is valid! The return is: SimpleXMLElement Object
(
    [id] => c0b1caeb609049bc9c5dddaf6c87023a
)

07-13-2020 @ 01:53:17 - Requesting session ID...
07-13-2020 @ 01:53:19 - PagSeguro session is valid! The return is: SimpleXMLElement Object
(
    [id] => 3dc9d3b70c494f21bcd116e521f3462c
)

07-13-2020 @ 01:54:24 - Requesting session ID...
07-13-2020 @ 01:54:25 - PagSeguro session is valid! The return is: SimpleXMLElement Object
(
    [id] => 366fcf4f29ac4e4b907de0eedd654250
)

07-13-2020 @ 01:55:12 - Requesting session ID...
07-13-2020 @ 01:55:13 - PagSeguro session is valid! The return is: SimpleXMLElement Object
(
    [id] => 7649268b1c4941f58bc3d305cce691c4
)

07-13-2020 @ 01:55:50 - Requesting session ID...
07-13-2020 @ 01:55:52 - PagSeguro session is valid! The return is: SimpleXMLElement Object
(
    [id] => 3de3d394d6854cca996c566a6d64a570
)

07-13-2020 @ 02:00:05 - Requesting session ID...
07-13-2020 @ 02:00:07 - PagSeguro session is valid! The return is: SimpleXMLElement Object
(
    [id] => 73d3b9403a014710a7ca845cf4c5a149
)

07-13-2020 @ 02:01:15 - Requesting session ID...
07-13-2020 @ 02:01:16 - PagSeguro session is valid! The return is: SimpleXMLElement Object
(
    [id] => cf05a5a42887427aa9c56dddeba918cb
)

07-13-2020 @ 02:01:57 - Requesting session ID...
07-13-2020 @ 02:01:57 - PagSeguro session is valid! The return is: SimpleXMLElement Object
(
    [id] => c0eb21be117c46e99c68a3b3ef3e18fc
)

07-13-2020 @ 02:02:56 - Requesting session ID...
07-13-2020 @ 02:02:57 - PagSeguro session is valid! The return is: SimpleXMLElement Object
(
    [id] => d22bac19df8f4da5b0af98079357e926
)

07-13-2020 @ 02:04:53 - Requesting session ID...
07-13-2020 @ 02:04:54 - PagSeguro session is valid! The return is: SimpleXMLElement Object
(
    [id] => 17918b15854d40ae8263a656fc6acfd6
)

07-13-2020 @ 02:06:40 - Requesting session ID...
07-13-2020 @ 02:06:40 - PagSeguro session is valid! The return is: SimpleXMLElement Object
(
    [id] => 1ba17cf0be954112949e5644e810923f
)

07-13-2020 @ 02:06:46 - Requesting session ID...
07-13-2020 @ 02:06:47 - PagSeguro session is valid! The return is: SimpleXMLElement Object
(
    [id] => 1b3d3d562a9f4467b553dfcf41d633b2
)

07-13-2020 @ 02:21:08 - Requesting session ID...
07-13-2020 @ 02:21:09 - PagSeguro session is valid! The return is: SimpleXMLElement Object
(
    [id] => fff1cfa3de0f4addad2462e5446b5dd0
)

07-13-2020 @ 02:21:34 - Requesting session ID...
07-13-2020 @ 02:21:34 - PagSeguro session is valid! The return is: SimpleXMLElement Object
(
    [id] => 08673576bf29408fb2b3ea414335b900
)

07-13-2020 @ 02:23:00 - Requesting session ID...
07-13-2020 @ 02:23:01 - PagSeguro session is valid! The return is: SimpleXMLElement Object
(
    [id] => e3c9e413ea1941f781021415152d4917
)

07-13-2020 @ 02:23:49 - Requesting session ID...
07-13-2020 @ 02:23:50 - PagSeguro session is valid! The return is: SimpleXMLElement Object
(
    [id] => 35ddc0d9401e460aae02e3db52659beb
)

07-13-2020 @ 02:25:41 - Requesting session ID...
07-13-2020 @ 02:25:41 - PagSeguro session is valid! The return is: SimpleXMLElement Object
(
    [id] => a541a182daa241fa9660790825b4766b
)

07-13-2020 @ 02:26:07 - Requesting session ID...
07-13-2020 @ 02:26:08 - PagSeguro session is valid! The return is: SimpleXMLElement Object
(
    [id] => 0533bb88b65144ef9185936088c8e8e9
)

07-13-2020 @ 02:35:35 - Requesting session ID...
07-13-2020 @ 02:35:36 - PagSeguro session is valid! The return is: SimpleXMLElement Object
(
    [id] => e927d88cf736473d8501c0e2f15b42c7
)

07-13-2020 @ 02:36:52 - Requesting session ID...
07-13-2020 @ 02:36:52 - PagSeguro session is valid! The return is: SimpleXMLElement Object
(
    [id] => a27182da03264188b43c99ae399eb74c
)

07-13-2020 @ 02:38:00 - Requesting session ID...
07-13-2020 @ 02:38:02 - PagSeguro session is valid! The return is: SimpleXMLElement Object
(
    [id] => 2b93131f37364cf99d1e59075a959cb2
)

07-13-2020 @ 02:42:24 - Requesting session ID...
07-13-2020 @ 02:42:25 - PagSeguro session is valid! The return is: SimpleXMLElement Object
(
    [id] => 5b7f790a62f543b5802fe85f5934bec1
)

07-13-2020 @ 02:43:11 - Requesting session ID...
07-13-2020 @ 02:43:12 - PagSeguro session is valid! The return is: SimpleXMLElement Object
(
    [id] => 8213fbd6f2fe4abf9e07fd799d98d7ab
)

07-13-2020 @ 02:43:56 - Requesting session ID...
07-13-2020 @ 02:43:57 - PagSeguro session is valid! The return is: SimpleXMLElement Object
(
    [id] => 1045111bd46d4693b758f5aba8590288
)

07-13-2020 @ 02:44:17 - Requesting session ID...
07-13-2020 @ 02:44:18 - PagSeguro session is valid! The return is: SimpleXMLElement Object
(
    [id] => 554b743d45d44d458f58f4e95221f070
)

07-13-2020 @ 02:46:13 - Requesting session ID...
07-13-2020 @ 02:46:14 - PagSeguro session is valid! The return is: SimpleXMLElement Object
(
    [id] => acb14ce5c9794754af8dc8f2e8b13d4d
)

07-13-2020 @ 02:48:37 - Requesting session ID...
07-13-2020 @ 02:48:38 - PagSeguro session is valid! The return is: SimpleXMLElement Object
(
    [id] => 7f5d1c921e2149ab95691ff47ab8e427
)

07-13-2020 @ 02:54:09 - Requesting session ID...
07-13-2020 @ 02:54:12 - PagSeguro session is valid! The return is: SimpleXMLElement Object
(
    [id] => 30f77c20e03d4f7dafcf734f2d75bf2d
)

07-13-2020 @ 02:59:41 - Requesting session ID...
07-13-2020 @ 02:59:42 - PagSeguro session is valid! The return is: SimpleXMLElement Object
(
    [id] => 0259cbaf356948129123cfd719b5c0bb
)

07-13-2020 @ 03:00:28 - Requesting session ID...
07-13-2020 @ 03:00:29 - PagSeguro session is valid! The return is: SimpleXMLElement Object
(
    [id] => fb5d46c12508475c9e03ad6fd0f5765c
)

07-13-2020 @ 03:01:37 - Requesting session ID...
07-13-2020 @ 03:01:38 - PagSeguro session is valid! The return is: SimpleXMLElement Object
(
    [id] => 6013f21a2bef42cfa777a6c2714ff90f
)

07-13-2020 @ 03:03:08 - Requesting session ID...
07-13-2020 @ 03:03:09 - PagSeguro session is valid! The return is: SimpleXMLElement Object
(
    [id] => a0a72f27c1814fc3ae9c79898cbb63be
)

07-13-2020 @ 03:04:48 - Requesting session ID...
07-13-2020 @ 03:04:49 - PagSeguro session is valid! The return is: SimpleXMLElement Object
(
    [id] => a271c40730544ab68bfbe42d39a6a9ff
)

