07-12-2020 @ 22:09:42 - Requesting session ID...
07-12-2020 @ 22:09:43 - Session Response: Array
(
    [headers] => Requests_Utility_CaseInsensitiveDictionary Object
        (
            [data:protected] => Array
                (
                    [content-type] => text/plain;charset=ISO-8859-1
                    [content-length] => 12
                    [date] => Sun, 12 Jul 2020 22:09:43 GMT
                    [server] => Apache-Coyote/1.1
                    [vary] => User-Agent
                    [x-cache] => Error from cloudfront
                    [via] => 1.1 819fb1f29c3038ca3cec04e041a0aa1f.cloudfront.net (CloudFront)
                    [x-amz-cf-pop] => GRU1-C1
                    [x-amz-cf-id] => iiAL7IjS06AF2_D788u2fX_HnKxGLHBj73S28ch9MjKPNVvcKjvYrg==
                )

        )

    [body] => Unauthorized
    [response] => Array
        (
            [code] => 401
            [message] => Unauthorized
        )

    [cookies] => Array
        (
        )

    [filename] => 
    [http_response] => WP_HTTP_Requests_Response Object
        (
            [response:protected] => Requests_Response Object
                (
                    [body] => Unauthorized
                    [raw] => HTTP/1.1 401 Unauthorized
Content-Type: text/plain;charset=ISO-8859-1
Content-Length: 12
Connection: close
Date: Sun, 12 Jul 2020 22:09:43 GMT
Server: Apache-Coyote/1.1
Vary: User-Agent
X-Cache: Error from cloudfront
Via: 1.1 819fb1f29c3038ca3cec04e041a0aa1f.cloudfront.net (CloudFront)
X-Amz-Cf-Pop: GRU1-C1
X-Amz-Cf-Id: iiAL7IjS06AF2_D788u2fX_HnKxGLHBj73S28ch9MjKPNVvcKjvYrg==

Unauthorized
                    [headers] => Requests_Response_Headers Object
                        (
                            [data:protected] => Array
                                (
                                    [content-type] => Array
                                        (
                                            [0] => text/plain;charset=ISO-8859-1
                                        )

                                    [content-length] => Array
                                        (
                                            [0] => 12
                                        )

                                    [date] => Array
                                        (
                                            [0] => Sun, 12 Jul 2020 22:09:43 GMT
                                        )

                                    [server] => Array
                                        (
                                            [0] => Apache-Coyote/1.1
                                        )

                                    [vary] => Array
                                        (
                                            [0] => User-Agent
                                        )

                                    [x-cache] => Array
                                        (
                                            [0] => Error from cloudfront
                                        )

                                    [via] => Array
                                        (
                                            [0] => 1.1 819fb1f29c3038ca3cec04e041a0aa1f.cloudfront.net (CloudFront)
                                        )

                                    [x-amz-cf-pop] => Array
                                        (
                                            [0] => GRU1-C1
                                        )

                                    [x-amz-cf-id] => Array
                                        (
                                            [0] => iiAL7IjS06AF2_D788u2fX_HnKxGLHBj73S28ch9MjKPNVvcKjvYrg==
                                        )

                                )

                        )

                    [status_code] => 401
                    [protocol_version] => 1.1
                    [success] => 
                    [redirects] => 0
                    [url] => https://ws.sandbox.pagseguro.uol.com.br/v2/sessions?email=woocommerce-payment-discounts&token=9FD8241AF9B4405D9034D9718181621B
                    [history] => Array
                        (
                        )

                    [cookies] => Requests_Cookie_Jar Object
                        (
                            [cookies:protected] => Array
                                (
                                )

                        )

                )

            [filename:protected] => 
            [data] => 
            [headers] => 
            [status] => 
        )

)

07-12-2020 @ 22:10:49 - Requesting token for order 46 with the following data: <?xml version="1.0" encoding="UTF-8" standalone="yes"?>
<checkout>
  <currency>BRL</currency>
  <reference><![CDATA[WC-Silver-46]]></reference>
  <sender>
    <email><![CDATA[silver.mdg@gmail.com]]></email>
    <documents>
      <document>
        <type>CPF</type>
        <value>37919185831</value>
      </document>
    </documents>
    <name><![CDATA[silver gama]]></name>
    <phone>
      <areaCode>11</areaCode>
      <number>989516827</number>
    </phone>
  </sender>
  <shipping>
    <type>3</type>
    <address>
      <street><![CDATA[giestas]]></street>
      <number>143</number>
      <complement><![CDATA[36A]]></complement>
      <district><![CDATA[vila bella]]></district>
      <postalCode>03147000</postalCode>
      <city><![CDATA[sao paulo]]></city>
      <state>SP</state>
      <country>BRA</country>
    </address>
    <cost>0</cost>
  </shipping>
  <items>
    <item>
      <id>1</id>
      <description><![CDATA[Tshirt]]></description>
      <amount>18.00</amount>
      <quantity>1</quantity>
    </item>
  </items>
  <redirectURL><![CDATA[http://localhost:8080/?page_id=8&order-received=46&key=wc_order_T3vEt8zKiWQsE]]></redirectURL>
  <notificationURL><![CDATA[http://localhost:8080/?wc-api=WC_PagSeguro_Gateway]]></notificationURL>
  <maxUses>1</maxUses>
  <maxAge>120</maxAge>
</checkout>

07-12-2020 @ 22:10:50 - Invalid token and/or email settings!
07-12-2020 @ 22:19:06 - Requesting session ID...
07-12-2020 @ 22:19:07 - PagSeguro session is valid! The return is: SimpleXMLElement Object
(
    [id] => acc97a7b540f4a68831841e14c50ec6e
)

07-12-2020 @ 22:19:31 - Requesting session ID...
07-12-2020 @ 22:19:32 - PagSeguro session is valid! The return is: SimpleXMLElement Object
(
    [id] => 72ed7e2e438341ddad16bf5db111514b
)

07-12-2020 @ 22:21:22 - Requesting session ID...
07-12-2020 @ 22:21:23 - PagSeguro session is valid! The return is: SimpleXMLElement Object
(
    [id] => 8edde7c3e0544626ae3c2c64627ad911
)

07-12-2020 @ 22:23:02 - Requesting direct payment for order 46 with the following data: <?xml version="1.0" encoding="UTF-8" standalone="yes"?>
<payment>
  <mode>default</mode>
  <method>creditCard</method>
  <currency>BRL</currency>
  <notificationURL><![CDATA[http://localhost:8080/?wc-api=WC_PagSeguro_Gateway]]></notificationURL>
  <items>
    <item>
      <id>1</id>
      <description><![CDATA[Tshirt]]></description>
      <amount>18.00</amount>
      <quantity>1</quantity>
    </item>
  </items>
  <reference><![CDATA[WC-Silver-46]]></reference>
  <sender>
    <email><![CDATA[silver.mdg@gmail.com]]></email>
    <documents>
      <document>
        <type>CPF</type>
        <value>37919185831</value>
      </document>
    </documents>
    <name><![CDATA[silver gama]]></name>
    <phone>
      <areaCode>11</areaCode>
      <number>989516827</number>
    </phone>
    <hash>830629e8b5f87f963067a7dffa1a2788c8c185a9450552228be5bab4c6dd658b</hash>
  </sender>
  <shipping>
    <type>3</type>
    <address>
      <street><![CDATA[giestas]]></street>
      <number>143</number>
      <complement><![CDATA[36A]]></complement>
      <district><![CDATA[vila bella]]></district>
      <postalCode>03147000</postalCode>
      <city><![CDATA[sao paulo]]></city>
      <state>SP</state>
      <country>BRA</country>
    </address>
    <cost>0</cost>
  </shipping>
  <creditCard>
    <token>d73f15009f3f4805b13ff114a3a16f93</token>
    <installment>
      <quantity>1</quantity>
      <value>18.00</value>
    </installment>
    <holder>
      <name><![CDATA[teste]]></name>
      <documents>
        <document>
          <type>CPF</type>
          <value>37919185831</value>
        </document>
      </documents>
      <birthDate>14/04/1988</birthDate>
      <phone>
        <areaCode>11</areaCode>
        <number>989516827</number>
      </phone>
    </holder>
    <billingAddress>
      <street><![CDATA[giestas]]></street>
      <number>143</number>
      <complement><![CDATA[36A]]></complement>
      <district><![CDATA[vila bella]]></district>
      <city><![CDATA[sao paulo]]></city>
      <state>SP</state>
      <country>BRA</country>
      <postalCode>03147000</postalCode>
    </billingAddress>
  </creditCard>
</payment>

07-12-2020 @ 22:23:03 - An error occurred while generating the PagSeguro direct payment: Array
(
    [headers] => Requests_Utility_CaseInsensitiveDictionary Object
        (
            [data:protected] => Array
                (
                    [content-type] => application/xml;charset=ISO-8859-1
                    [content-length] => 173
                    [date] => Sun, 12 Jul 2020 22:23:03 GMT
                    [cache-control] => max-age=180
                    [expires] => Sun, 12 Jul 2020 22:26:02 GMT
                    [server] => Apache-Coyote/1.1
                    [vary] => Accept-Encoding,User-Agent
                    [x-cache] => Error from cloudfront
                    [via] => 1.1 4a156fb7a0ed64b1f65b1ccc792773cd.cloudfront.net (CloudFront)
                    [x-amz-cf-pop] => GRU1-C1
                    [x-amz-cf-id] => uqfC0OFjGzbupcK-tyAdGIYBWooL0FZYqn-4q9SttlQ6VfRV-Y4Irg==
                )

        )

    [body] => <?xml version="1.0" encoding="ISO-8859-1" standalone="yes"?><errors><error><code>53044</code><message>credit card holder name invalid value: teste</message></error></errors>
    [response] => Array
        (
            [code] => 400
            [message] => Bad Request
        )

    [cookies] => Array
        (
        )

    [filename] => 
    [http_response] => WP_HTTP_Requests_Response Object
        (
            [response:protected] => Requests_Response Object
                (
                    [body] => <?xml version="1.0" encoding="ISO-8859-1" standalone="yes"?><errors><error><code>53044</code><message>credit card holder name invalid value: teste</message></error></errors>
                    [raw] => HTTP/1.1 400 Bad Request
Content-Type: application/xml;charset=ISO-8859-1
Content-Length: 173
Connection: close
Date: Sun, 12 Jul 2020 22:23:03 GMT
Cache-Control: max-age=180
Expires: Sun, 12 Jul 2020 22:26:02 GMT
Server: Apache-Coyote/1.1
Vary: Accept-Encoding,User-Agent
X-Cache: Error from cloudfront
Via: 1.1 4a156fb7a0ed64b1f65b1ccc792773cd.cloudfront.net (CloudFront)
X-Amz-Cf-Pop: GRU1-C1
X-Amz-Cf-Id: uqfC0OFjGzbupcK-tyAdGIYBWooL0FZYqn-4q9SttlQ6VfRV-Y4Irg==

<?xml version="1.0" encoding="ISO-8859-1" standalone="yes"?><errors><error><code>53044</code><message>credit card holder name invalid value: teste</message></error></errors>
                    [headers] => Requests_Response_Headers Object
                        (
                            [data:protected] => Array
                                (
                                    [content-type] => Array
                                        (
                                            [0] => application/xml;charset=ISO-8859-1
                                        )

                                    [content-length] => Array
                                        (
                                            [0] => 173
                                        )

                                    [date] => Array
                                        (
                                            [0] => Sun, 12 Jul 2020 22:23:03 GMT
                                        )

                                    [cache-control] => Array
                                        (
                                            [0] => max-age=180
                                        )

                                    [expires] => Array
                                        (
                                            [0] => Sun, 12 Jul 2020 22:26:02 GMT
                                        )

                                    [server] => Array
                                        (
                                            [0] => Apache-Coyote/1.1
                                        )

                                    [vary] => Array
                                        (
                                            [0] => Accept-Encoding,User-Agent
                                        )

                                    [x-cache] => Array
                                        (
                                            [0] => Error from cloudfront
                                        )

                                    [via] => Array
                                        (
                                            [0] => 1.1 4a156fb7a0ed64b1f65b1ccc792773cd.cloudfront.net (CloudFront)
                                        )

                                    [x-amz-cf-pop] => Array
                                        (
                                            [0] => GRU1-C1
                                        )

                                    [x-amz-cf-id] => Array
                                        (
                                            [0] => uqfC0OFjGzbupcK-tyAdGIYBWooL0FZYqn-4q9SttlQ6VfRV-Y4Irg==
                                        )

                                )

                        )

                    [status_code] => 400
                    [protocol_version] => 1.1
                    [success] => 
                    [redirects] => 0
                    [url] => https://ws.sandbox.pagseguro.uol.com.br/v2/transactions?email=silver.mdg@gmail.com&token=9FD8241AF9B4405D9034D9718181621B
                    [history] => Array
                        (
                        )

                    [cookies] => Requests_Cookie_Jar Object
                        (
                            [cookies:protected] => Array
                                (
                                )

                        )

                )

            [filename:protected] => 
            [data] => 
            [headers] => 
            [status] => 
        )

)

07-12-2020 @ 22:24:56 - Requesting direct payment for order 46 with the following data: <?xml version="1.0" encoding="UTF-8" standalone="yes"?>
<payment>
  <mode>default</mode>
  <method>creditCard</method>
  <currency>BRL</currency>
  <notificationURL><![CDATA[http://localhost:8080/?wc-api=WC_PagSeguro_Gateway]]></notificationURL>
  <items>
    <item>
      <id>1</id>
      <description><![CDATA[Tshirt]]></description>
      <amount>18.00</amount>
      <quantity>1</quantity>
    </item>
  </items>
  <reference><![CDATA[WC-Silver-46]]></reference>
  <sender>
    <email><![CDATA[silver.mdg@gmail.com]]></email>
    <documents>
      <document>
        <type>CPF</type>
        <value>37919185831</value>
      </document>
    </documents>
    <name><![CDATA[silver gama]]></name>
    <phone>
      <areaCode>11</areaCode>
      <number>989516827</number>
    </phone>
    <hash>830629e8b5f87f963067a7dffa1a2788c8c185a9450552228be5bab4c6dd658b</hash>
  </sender>
  <shipping>
    <type>3</type>
    <address>
      <street><![CDATA[giestas]]></street>
      <number>143</number>
      <complement><![CDATA[36A]]></complement>
      <district><![CDATA[vila bella]]></district>
      <postalCode>03147000</postalCode>
      <city><![CDATA[sao paulo]]></city>
      <state>SP</state>
      <country>BRA</country>
    </address>
    <cost>0</cost>
  </shipping>
  <creditCard>
    <token>9ecbb242f3744d149565df8ee90279f3</token>
    <installment>
      <quantity>1</quantity>
      <value>18.00</value>
    </installment>
    <holder>
      <name><![CDATA[silver gama]]></name>
      <documents>
        <document>
          <type>CPF</type>
          <value>37919185831</value>
        </document>
      </documents>
      <birthDate>14/04/1988</birthDate>
      <phone>
        <areaCode>11</areaCode>
        <number>989516827</number>
      </phone>
    </holder>
    <billingAddress>
      <street><![CDATA[giestas]]></street>
      <number>143</number>
      <complement><![CDATA[36A]]></complement>
      <district><![CDATA[vila bella]]></district>
      <city><![CDATA[sao paulo]]></city>
      <state>SP</state>
      <country>BRA</country>
      <postalCode>03147000</postalCode>
    </billingAddress>
  </creditCard>
</payment>

07-12-2020 @ 22:24:57 - An error occurred while generating the PagSeguro direct payment: Array
(
    [headers] => Requests_Utility_CaseInsensitiveDictionary Object
        (
            [data:protected] => Array
                (
                    [content-type] => application/xml;charset=ISO-8859-1
                    [content-length] => 227
                    [date] => Sun, 12 Jul 2020 22:24:57 GMT
                    [cache-control] => max-age=180
                    [expires] => Sun, 12 Jul 2020 22:27:56 GMT
                    [server] => Apache-Coyote/1.1
                    [vary] => Accept-Encoding,User-Agent
                    [x-cache] => Error from cloudfront
                    [via] => 1.1 5f40a3312a892d0412fc0893a177141d.cloudfront.net (CloudFront)
                    [x-amz-cf-pop] => GRU1-C1
                    [x-amz-cf-id] => NSUmf7WWbGOc0LAkw_5VHYrPs1WFRcXOEOEF2mOr4C9dwKj0X01eiw==
                )

        )

    [body] => <?xml version="1.0" encoding="ISO-8859-1" standalone="yes"?><errors><error><code>53122</code><message>sender email invalid domain: silver.mdg@gmail.com. You must use an email @sandbox.pagseguro.com.br</message></error></errors>
    [response] => Array
        (
            [code] => 400
            [message] => Bad Request
        )

    [cookies] => Array
        (
        )

    [filename] => 
    [http_response] => WP_HTTP_Requests_Response Object
        (
            [response:protected] => Requests_Response Object
                (
                    [body] => <?xml version="1.0" encoding="ISO-8859-1" standalone="yes"?><errors><error><code>53122</code><message>sender email invalid domain: silver.mdg@gmail.com. You must use an email @sandbox.pagseguro.com.br</message></error></errors>
                    [raw] => HTTP/1.1 400 Bad Request
Content-Type: application/xml;charset=ISO-8859-1
Content-Length: 227
Connection: close
Date: Sun, 12 Jul 2020 22:24:57 GMT
Cache-Control: max-age=180
Expires: Sun, 12 Jul 2020 22:27:56 GMT
Server: Apache-Coyote/1.1
Vary: Accept-Encoding,User-Agent
X-Cache: Error from cloudfront
Via: 1.1 5f40a3312a892d0412fc0893a177141d.cloudfront.net (CloudFront)
X-Amz-Cf-Pop: GRU1-C1
X-Amz-Cf-Id: NSUmf7WWbGOc0LAkw_5VHYrPs1WFRcXOEOEF2mOr4C9dwKj0X01eiw==

<?xml version="1.0" encoding="ISO-8859-1" standalone="yes"?><errors><error><code>53122</code><message>sender email invalid domain: silver.mdg@gmail.com. You must use an email @sandbox.pagseguro.com.br</message></error></errors>
                    [headers] => Requests_Response_Headers Object
                        (
                            [data:protected] => Array
                                (
                                    [content-type] => Array
                                        (
                                            [0] => application/xml;charset=ISO-8859-1
                                        )

                                    [content-length] => Array
                                        (
                                            [0] => 227
                                        )

                                    [date] => Array
                                        (
                                            [0] => Sun, 12 Jul 2020 22:24:57 GMT
                                        )

                                    [cache-control] => Array
                                        (
                                            [0] => max-age=180
                                        )

                                    [expires] => Array
                                        (
                                            [0] => Sun, 12 Jul 2020 22:27:56 GMT
                                        )

                                    [server] => Array
                                        (
                                            [0] => Apache-Coyote/1.1
                                        )

                                    [vary] => Array
                                        (
                                            [0] => Accept-Encoding,User-Agent
                                        )

                                    [x-cache] => Array
                                        (
                                            [0] => Error from cloudfront
                                        )

                                    [via] => Array
                                        (
                                            [0] => 1.1 5f40a3312a892d0412fc0893a177141d.cloudfront.net (CloudFront)
                                        )

                                    [x-amz-cf-pop] => Array
                                        (
                                            [0] => GRU1-C1
                                        )

                                    [x-amz-cf-id] => Array
                                        (
                                            [0] => NSUmf7WWbGOc0LAkw_5VHYrPs1WFRcXOEOEF2mOr4C9dwKj0X01eiw==
                                        )

                                )

                        )

                    [status_code] => 400
                    [protocol_version] => 1.1
                    [success] => 
                    [redirects] => 0
                    [url] => https://ws.sandbox.pagseguro.uol.com.br/v2/transactions?email=silver.mdg@gmail.com&token=9FD8241AF9B4405D9034D9718181621B
                    [history] => Array
                        (
                        )

                    [cookies] => Requests_Cookie_Jar Object
                        (
                            [cookies:protected] => Array
                                (
                                )

                        )

                )

            [filename:protected] => 
            [data] => 
            [headers] => 
            [status] => 
        )

)

07-12-2020 @ 22:25:43 - Requesting direct payment for order 46 with the following data: <?xml version="1.0" encoding="UTF-8" standalone="yes"?>
<payment>
  <mode>default</mode>
  <method>creditCard</method>
  <currency>BRL</currency>
  <notificationURL><![CDATA[http://localhost:8080/?wc-api=WC_PagSeguro_Gateway]]></notificationURL>
  <items>
    <item>
      <id>1</id>
      <description><![CDATA[Tshirt]]></description>
      <amount>18.00</amount>
      <quantity>1</quantity>
    </item>
  </items>
  <reference><![CDATA[WC-Silver-46]]></reference>
  <sender>
    <email><![CDATA[silver.mdg@sandbox.pagseguro.com.br]]></email>
    <documents>
      <document>
        <type>CPF</type>
        <value>37919185831</value>
      </document>
    </documents>
    <name><![CDATA[silver gama]]></name>
    <phone>
      <areaCode>11</areaCode>
      <number>989516827</number>
    </phone>
    <hash>830629e8b5f87f963067a7dffa1a2788c8c185a9450552228be5bab4c6dd658b</hash>
  </sender>
  <shipping>
    <type>3</type>
    <address>
      <street><![CDATA[giestas]]></street>
      <number>143</number>
      <complement><![CDATA[36A]]></complement>
      <district><![CDATA[vila bella]]></district>
      <postalCode>03147000</postalCode>
      <city><![CDATA[sao paulo]]></city>
      <state>SP</state>
      <country>BRA</country>
    </address>
    <cost>0</cost>
  </shipping>
  <creditCard>
    <token>a38597312687409497622cd098402407</token>
    <installment>
      <quantity>1</quantity>
      <value>18.00</value>
    </installment>
    <holder>
      <name><![CDATA[silver gama]]></name>
      <documents>
        <document>
          <type>CPF</type>
          <value>37919185831</value>
        </document>
      </documents>
      <birthDate>14/04/1988</birthDate>
      <phone>
        <areaCode>11</areaCode>
        <number>989516827</number>
      </phone>
    </holder>
    <billingAddress>
      <street><![CDATA[giestas]]></street>
      <number>143</number>
      <complement><![CDATA[36A]]></complement>
      <district><![CDATA[vila bella]]></district>
      <city><![CDATA[sao paulo]]></city>
      <state>SP</state>
      <country>BRA</country>
      <postalCode>03147000</postalCode>
    </billingAddress>
  </creditCard>
</payment>

07-12-2020 @ 22:25:47 - PagSeguro direct payment created successfully!
07-12-2020 @ 22:25:47 - PagSeguro payment status for order 46 is: 1
07-12-2020 @ 22:28:09 - Requesting session ID...
07-12-2020 @ 22:28:09 - PagSeguro session is valid! The return is: SimpleXMLElement Object
(
    [id] => b28736674c5c485da3e90131a9124f24
)

07-12-2020 @ 23:02:15 - Requesting session ID...
07-12-2020 @ 23:02:16 - PagSeguro session is valid! The return is: SimpleXMLElement Object
(
    [id] => a659fdd222db478a9e3ce595fde2648b
)

07-12-2020 @ 23:10:16 - Requesting session ID...
07-12-2020 @ 23:10:16 - PagSeguro session is valid! The return is: SimpleXMLElement Object
(
    [id] => 52b16b79fa28462b9968eb0c74539a69
)

07-12-2020 @ 23:18:53 - Requesting session ID...
07-12-2020 @ 23:18:54 - PagSeguro session is valid! The return is: SimpleXMLElement Object
(
    [id] => c589bd539b8a45479084e6cc624d3fda
)

